C51 COMPILER V9.60.0.0   DS1302                                                            04/11/2024 23:35:07 PAGE 1   


C51 COMPILER V9.60.0.0, COMPILATION OF MODULE DS1302
OBJECT MODULE PLACED IN .\Objects\ds1302.obj
COMPILER INVOKED BY: C:\Keil_v5\C51\BIN\C51.EXE ds1302.c OPTIMIZE(8,SPEED) BROWSE DEBUG OBJECTEXTEND PRINT(.\Listings\ds
                    -1302.lst) OBJECT(.\Objects\ds1302.obj)

line level    source

   1          /*      #       DS1302ä»£ç ç‰‡æ®µè¯´æ˜
   2                  1.      æœ¬æ–‡ä»¶å¤¹ä¸­æä¾›çš„é©±åŠ¨ä»£ç ä¾›å‚èµ›é€‰æ‰‹å®Œæˆç¨‹åºè®¾è®¡å‚è€ƒã€‚
   3                  2.      å‚èµ›é€‰æ‰‹å¯ä»¥è‡ªè¡Œç¼–å†™ç›¸å…³ä»£ç æˆ–ä»¥è¯¥ä»£ç ä¸ºåŸºç¡€ï¼Œæ ¹æ®æ‰€é€‰å•ç‰‡æœºç±»å‹ã€è¿
             -è¡Œé€Ÿåº¦å’Œè¯•é¢˜
   4                          ä¸­å¯¹å•ç‰‡æœºæ—¶é’Ÿé¢‘ç‡çš„è¦æ±‚ï¼Œè¿›è¡Œä»£ç è°ƒè¯•å’Œä¿®æ”¹ã€‚
   5          */                                                              
   6          
   7          //
   8          
   9          #include "ds1302.h"
  10          
  11          sbit SCK = P1^7;
  12          sbit SDA = P2^3;
  13          sbit RST = P1^3;
  14          void Write_Ds1302(unsigned  char temp) 
  15          {
  16   1              unsigned char i;
  17   1              for (i=0;i<8;i++)       
  18   1              { 
  19   2                      SCK = 0;
  20   2                      SDA = temp&0x01;
  21   2                      temp>>=1; 
  22   2                      SCK=1;
  23   2              }
  24   1      }   
  25          
  26          //
  27          void Write_Ds1302_Byte( unsigned char address,unsigned char dat )     
  28          {
  29   1              RST=0;  _nop_();
  30   1              SCK=0;  _nop_();
  31   1              RST=1;  _nop_();  
  32   1              Write_Ds1302(address);  
  33   1              Write_Ds1302(dat);              
  34   1              RST=0; 
  35   1      }
  36          
  37          //
  38          unsigned char Read_Ds1302_Byte ( unsigned char address )
  39          {
  40   1              unsigned char i,temp=0x00;
  41   1              RST=0;  _nop_();
  42   1              SCK=0;  _nop_();
  43   1              RST=1;  _nop_();
  44   1              Write_Ds1302(address);
  45   1              for (i=0;i<8;i++)       
  46   1              {               
  47   2                      SCK=0;
  48   2                      temp>>=1;       
  49   2                      if(SDA)
  50   2                      temp|=0x80;     
  51   2                      SCK=1;
  52   2              } 
  53   1              RST=0;  _nop_();
C51 COMPILER V9.60.0.0   DS1302                                                            04/11/2024 23:35:07 PAGE 2   

  54   1              SCK=0;  _nop_();
  55   1              SCK=1;  _nop_();
  56   1              SDA=0;  _nop_();
  57   1              SDA=1;  _nop_();
  58   1              return (temp);                  
  59   1      }
  60          
  61          unsigned char xdata time_16[3]={0,0,0};
  62          unsigned char xdata time_10[3]={23,9,59};
  63          
  64          void time_10_to_16()
  65          {
  66   1              time_16[0]=time_10[0]/10*0x10+time_10[0]%10;
  67   1              time_16[1]=time_10[1]/10*0x10+time_10[1]%10;
  68   1              time_16[2]=time_10[2]/10*0x10+time_10[2]%10;
  69   1      }
  70          
  71          void time_16_to_10()
  72          {
  73   1              time_10[0]=time_16[0]/0x10*10+time_16[0]%0x10;
  74   1              time_10[1]=time_16[1]/0x10*10+time_16[1]%0x10;
  75   1              time_10[2]=time_16[2]/0x10*10+time_16[2]%0x10;
  76   1      }
  77          
  78          void write_ds1302()
  79          {
  80   1              time_10_to_16();
  81   1              
  82   1              Write_Ds1302_Byte(0x84,time_16[0]);
  83   1              Write_Ds1302_Byte(0x82,time_16[1]);
  84   1              Write_Ds1302_Byte(0x80,time_16[2]);
  85   1      }
  86          
  87          void read_ds1302()
  88          {
  89   1              time_16[0] = Read_Ds1302_Byte(0x85); // æ—¶
  90   1              time_16[1] = Read_Ds1302_Byte(0x83); // åˆ†
  91   1              time_16[2] = Read_Ds1302_Byte(0x81); // ç§’
  92   1              
  93   1              time_16_to_10();
  94   1      }
  95          


MODULE INFORMATION:   STATIC OVERLAYABLE
   CODE SIZE        =    307    ----
   CONSTANT SIZE    =   ----    ----
   XDATA SIZE       =      6    ----
   PDATA SIZE       =   ----    ----
   DATA SIZE        =   ----    ----
   IDATA SIZE       =   ----    ----
   BIT SIZE         =   ----    ----
END OF MODULE INFORMATION.


C51 COMPILATION COMPLETE.  0 WARNING(S),  0 ERROR(S)
