C51 COMPILER V9.60.0.0   IIC                                                               04/11/2024 23:35:07 PAGE 1   


C51 COMPILER V9.60.0.0, COMPILATION OF MODULE IIC
OBJECT MODULE PLACED IN .\Objects\iic.obj
COMPILER INVOKED BY: C:\Keil_v5\C51\BIN\C51.EXE iic.c OPTIMIZE(8,SPEED) BROWSE DEBUG OBJECTEXTEND PRINT(.\Listings\iic.l
                    -st) OBJECT(.\Objects\iic.obj)

line level    source

   1          /*      #   I2C代码片段说明
   2                  1.      本文件夹中提供的驱动代码供参赛选手完成程序设计参考。
   3                  2.      参赛选手可以自行编写相关代码或以该代码为基础，根据所选单片机类型、
             -行速度和试题
   4                          中对单片机时钟频率的要求，进行代码调试和修改。
   5          */
   6          #include "iic.h"
   7          #define DELAY_TIME      10
   8          sbit scl = P2^0;
   9          sbit sda = P2^1;
  10          //
  11          static void I2C_Delay(unsigned char n)
  12          {
  13   1          do
  14   1          {
  15   2              _nop_();_nop_();_nop_();_nop_();_nop_();
  16   2              _nop_();_nop_();_nop_();_nop_();_nop_();
  17   2              _nop_();_nop_();_nop_();_nop_();_nop_();                
  18   2          }
  19   1          while(n--);         
  20   1      }
  21          
  22          //
  23          void I2CStart(void)
  24          {
  25   1          sda = 1;
  26   1          scl = 1;
  27   1              I2C_Delay(DELAY_TIME);
  28   1          sda = 0;
  29   1              I2C_Delay(DELAY_TIME);
  30   1          scl = 0;    
  31   1      }
  32          
  33          //
  34          void I2CStop(void)
  35          {
  36   1          sda = 0;
  37   1          scl = 1;
  38   1              I2C_Delay(DELAY_TIME);
  39   1          sda = 1;
  40   1              I2C_Delay(DELAY_TIME);
  41   1      }
  42          
  43          //
  44          void I2CSendByte(unsigned char byt)
  45          {
  46   1          unsigned char i;
  47   1              
  48   1          for(i=0; i<8; i++){
  49   2              scl = 0;
  50   2                      I2C_Delay(DELAY_TIME);
  51   2              if(byt & 0x80){
  52   3                  sda = 1;
  53   3              }
C51 COMPILER V9.60.0.0   IIC                                                               04/11/2024 23:35:07 PAGE 2   

  54   2              else{
  55   3                  sda = 0;
  56   3              }
  57   2                      I2C_Delay(DELAY_TIME);
  58   2              scl = 1;
  59   2              byt <<= 1;
  60   2                      I2C_Delay(DELAY_TIME);
  61   2          }
  62   1              
  63   1          scl = 0;  
  64   1      }
  65          
  66          //
  67          unsigned char I2CReceiveByte(void)
  68          {
  69   1              unsigned char da;
  70   1              unsigned char i;
  71   1              for(i=0;i<8;i++){   
  72   2                      scl = 1;
  73   2                      I2C_Delay(DELAY_TIME);
  74   2                      da <<= 1;
  75   2                      if(sda) 
  76   2                              da |= 0x01;
  77   2                      scl = 0;
  78   2                      I2C_Delay(DELAY_TIME);
  79   2              }
  80   1              return da;    
  81   1      }
  82          
  83          //
  84          unsigned char I2CWaitAck(void)
  85          {
  86   1              unsigned char ackbit;
  87   1              
  88   1          scl = 1;
  89   1              I2C_Delay(DELAY_TIME);
  90   1          ackbit = sda; 
  91   1          scl = 0;
  92   1              I2C_Delay(DELAY_TIME);
  93   1              
  94   1              return ackbit;
  95   1      }
  96          
  97          //
  98          void I2CSendAck(unsigned char ackbit)
  99          {
 100   1          scl = 0;
 101   1          sda = ackbit; 
 102   1              I2C_Delay(DELAY_TIME);
 103   1          scl = 1;
 104   1              I2C_Delay(DELAY_TIME);
 105   1          scl = 0; 
 106   1              sda = 1;
 107   1              I2C_Delay(DELAY_TIME);
 108   1      }
 109          
 110                  
 111          void write_eeprom(unsigned char addr,unsigned char *dat,unsigned char len)
 112          {
 113   1              I2CStart();
 114   1              I2CSendByte(0xa0);
 115   1              I2CWaitAck();
C51 COMPILER V9.60.0.0   IIC                                                               04/11/2024 23:35:07 PAGE 3   

 116   1              
 117   1              I2CSendByte(addr);
 118   1              I2CWaitAck();
 119   1              
 120   1              while(len--)
 121   1              {
 122   2                      I2CSendByte(*dat);
 123   2                      I2CWaitAck();
 124   2                      dat++;
 125   2              }
 126   1              I2CStop();
 127   1      }
 128          
 129          void read_eeprom(unsigned char addr, unsigned char *dat, unsigned char len)
 130          {
 131   1              I2CStart();
 132   1              I2CSendByte(0xA0);
 133   1              I2CWaitAck();
 134   1              I2CSendByte(addr);
 135   1              I2CWaitAck();
 136   1              
 137   1              I2CStart();
 138   1              I2CSendByte(0xA1);
 139   1              I2CWaitAck();
 140   1              
 141   1              loop:
 142   1              *dat=I2CReceiveByte();
 143   1              if(--len)
 144   1              {
 145   2                      dat++;
 146   2                      I2CSendAck(0);
 147   2                      goto loop;
 148   2              }
 149   1              
 150   1              I2CSendAck(1); //发送非应答
 151   1              I2CStop();
 152   1      }
 153          
 154          unsigned char read_adc(unsigned char channal)
 155          {
 156   1              unsigned char buf=0;
 157   1              
 158   1              I2CStart();
 159   1              I2CSendByte(0x90);
 160   1              I2CWaitAck();
 161   1              
 162   1              I2CSendByte(0x40|channal);
 163   1              I2CWaitAck();
 164   1              
 165   1              I2CStart();
 166   1              I2CSendByte(0x91);
 167   1              I2CWaitAck();
 168   1              
 169   1              I2CReceiveByte();
 170   1              I2CSendAck(0);
 171   1              
 172   1              buf=I2CReceiveByte();
 173   1              I2CSendAck(1);
 174   1              I2CStop();
 175   1              
 176   1              return buf;
 177   1      }
C51 COMPILER V9.60.0.0   IIC                                                               04/11/2024 23:35:07 PAGE 4   

 178          
 179          void write_dac(unsigned char level)
 180          {
 181   1              I2CStart();
 182   1              I2CSendByte(0x90);
 183   1              I2CWaitAck();
 184   1              
 185   1              I2CSendByte(0x40);
 186   1              I2CWaitAck();
 187   1              
 188   1              I2CSendByte(level);
 189   1              I2CWaitAck();
 190   1              I2CStop();
 191   1      }
 192          
 193          void stop_dac()
 194          {
 195   1              I2CStart();
 196   1              I2CSendByte(0x90);
 197   1              I2CWaitAck();
 198   1              
 199   1              I2CSendByte(0x00);
 200   1              I2CWaitAck();
 201   1              I2CStop();
 202   1      }
 203          


MODULE INFORMATION:   STATIC OVERLAYABLE
   CODE SIZE        =    395    ----
   CONSTANT SIZE    =   ----    ----
   XDATA SIZE       =   ----    ----
   PDATA SIZE       =   ----    ----
   DATA SIZE        =   ----      10
   IDATA SIZE       =   ----    ----
   BIT SIZE         =   ----    ----
END OF MODULE INFORMATION.


C51 COMPILATION COMPLETE.  0 WARNING(S),  0 ERROR(S)
