C51 COMPILER V9.60.0.0   UART                                                              04/11/2024 23:36:35 PAGE 1   


C51 COMPILER V9.60.0.0, COMPILATION OF MODULE UART
OBJECT MODULE PLACED IN .\Objects\uart.obj
COMPILER INVOKED BY: C:\Keil_v5\C51\BIN\C51.EXE uart.c OPTIMIZE(8,SPEED) BROWSE DEBUG OBJECTEXTEND PRINT(.\Listings\uart
                    -.lst) OBJECT(.\Objects\uart.obj)

line level    source

   1          #include "uart.h"
   2          
   3          void UartInit(void)             //9600bps@12.000MHz
   4          {
   5   1              SCON = 0x50;            //8位数据,可变波特率
   6   1              AUXR |= 0x01;           //串口1选择定时器2为波特率发生器
   7   1              AUXR |= 0x04;           //定时器时钟1T模式
   8   1              T2L = 0xC7;             //设置定时初始值
   9   1              T2H = 0xFE;             //设置定时初始值
  10   1              AUXR |= 0x10;           //定时器2开始计时
  11   1              ES=1;
  12   1              EA=1;
  13   1      }
  14          
  15          bit busy=0;
  16          unsigned char xdata uart_rx_buf[rx_cnt]={0};
  17          unsigned char xdata uart_rx_cnt=0;
  18          unsigned char xdata uart_rx_flag = 0; //为1定义为接收到了一个指令
  19          void send_data(unsigned char dat)
  20          {
  21   1              while(busy);
  22   1              SBUF=dat;
  23   1              busy=1;
  24   1      }
  25          
  26          void send_string(unsigned char *dat)
  27          {
  28   1              while(*dat)
  29   1              {
  30   2                      send_data(*dat);
  31   2                      dat++;
  32   2              }
  33   1      }
  34          
  35          void Uart(void) interrupt 4
  36          {
  37   1              if(TI)
  38   1              {
  39   2                      TI=0;
  40   2                      busy=0;
  41   2              }
  42   1              
  43   1              if(RI)
  44   1              {
  45   2                      RI=0;
  46   2                      uart_rx_buf[uart_rx_cnt]=SBUF;
  47   2                      if(uart_rx_buf[uart_rx_cnt-1]=='\r'&&uart_rx_buf[uart_rx_cnt]=='\n')
  48   2                      {
  49   3                              uart_rx_flag=1;
  50   3                              uart_rx_cnt++;
  51   3                              uart_rx_buf[uart_rx_cnt]=0;
  52   3                              uart_rx_cnt=0;
  53   3                      }
  54   2                      if (++uart_rx_cnt >= rx_cnt)    //限制一下接收大小
C51 COMPILER V9.60.0.0   UART                                                              04/11/2024 23:36:35 PAGE 2   

  55   2                      {
  56   3                              uart_rx_cnt = uart_rx_flag = uart_rx_buf[0] = 0;
  57   3                      }
  58   2              }
  59   1      }


MODULE INFORMATION:   STATIC OVERLAYABLE
   CODE SIZE        =    190    ----
   CONSTANT SIZE    =   ----    ----
   XDATA SIZE       =     26    ----
   PDATA SIZE       =   ----    ----
   DATA SIZE        =   ----    ----
   IDATA SIZE       =   ----    ----
   BIT SIZE         =      1    ----
END OF MODULE INFORMATION.


C51 COMPILATION COMPLETE.  0 WARNING(S),  0 ERROR(S)
